<?xml version="1.0" encoding="UTF-8"?>
<!-- Generated by org.testng.reporters.JUnitXMLReporter -->
<testsuite ignored="0" hostname="DESKTOP-LFB9P6R" failures="1" tests="3" name="chromeTests" time="47.72" errors="0" timestamp="2023-02-10T09:17:06 PST">
  <testcase classname="com.jan23.tests.TekarchAutomation" name="Student_registration_Form" time="8.87">
    <failure type="java.lang.AssertionError" message="expected [false] but found [true]">
      <![CDATA[java.lang.AssertionError: expected [false] but found [true]
at com.jan23.tests.TekarchAutomation.Student_registration_Form(TekarchAutomation.java:130)
at java.base/java.util.ArrayList.forEach(ArrayList.java:1511)
... Removed 40 stack frames]]>
    </failure>
  </testcase> <!-- Student_registration_Form -->
  <testcase classname="com.jan23.tests.TekarchAutomation" name="error_loginToFirebase" time="7.854"/>
  <testcase classname="com.jan23.tests.TekarchAutomation" name="loginToFirebase" time="2.884"/>
</testsuite> <!-- chromeTests -->
